[debug] [2024-04-10T15:29:07.998Z] ----------------------------------------------------------------------
[debug] [2024-04-10T15:29:08.001Z] Command:       C:\Program Files\nodejs\node.exe C:\Users\fabio\AppData\Roaming\npm\node_modules\firebase-tools\lib\bin\firebase.js init
[debug] [2024-04-10T15:29:08.001Z] CLI Version:   13.0.2
[debug] [2024-04-10T15:29:08.001Z] Platform:      win32
[debug] [2024-04-10T15:29:08.001Z] Node Version:  v21.7.1
[debug] [2024-04-10T15:29:08.001Z] Time:          Wed Apr 10 2024 17:29:08 GMT+0200 (Ora legale dell’Europa centrale)
[debug] [2024-04-10T15:29:08.002Z] ----------------------------------------------------------------------
[debug] 
[debug] [2024-04-10T15:29:08.004Z] >>> [apiv2][query] GET https://firebase-public.firebaseio.com/cli.json [none]
[debug] [2024-04-10T15:29:08.039Z] > command requires scopes: ["email","openid","https://www.googleapis.com/auth/cloudplatformprojects.readonly","https://www.googleapis.com/auth/firebase","https://www.googleapis.com/auth/cloud-platform"]
[debug] [2024-04-10T15:29:08.039Z] > authorizing via signed-in user (fabiodellarosa126@gmail.com)
[info] 
     ######## #### ########  ######## ########     ###     ######  ########
     ##        ##  ##     ## ##       ##     ##  ##   ##  ##       ##
     ######    ##  ########  ######   ########  #########  ######  ######
     ##        ##  ##    ##  ##       ##     ## ##     ##       ## ##
     ##       #### ##     ## ######## ########  ##     ##  ######  ########

You're about to initialize a Firebase project in this directory:

  C:\DR11\angular\FootballFantasyBoard

Before we get started, keep in mind:

  * You are currently outside your home directory

[debug] [2024-04-10T15:29:08.371Z] <<< [apiv2][status] GET https://firebase-public.firebaseio.com/cli.json 200
[debug] [2024-04-10T15:29:08.371Z] <<< [apiv2][body] GET https://firebase-public.firebaseio.com/cli.json {"cloudBuildErrorAfter":1594252800000,"cloudBuildWarnAfter":1590019200000,"defaultNode10After":1594252800000,"minVersion":"3.0.5","node8DeploysDisabledAfter":1613390400000,"node8RuntimeDisabledAfter":1615809600000,"node8WarnAfter":1600128000000}
